  ━━━━━ Attention: Copy content above this line into the VALIDATION.md file. ━━━━━
  
  TASK CALLDATA
  ━━━━━━━━━━━━━━━━━━━━━━━━━━━━━━━━━━━━━━━━━━━━━━━━━━━━━━━━━━
  0x82ad56cb000000000000000000000000000000000000000000000000000000000000002000000000000000000000000000000000000000000000000000000000000000010000000000000000000000000000000000000000000000000000000000000020000000000000000000000000d07a89cf19869ce185a5ec173568ae8acd5d8c020000000000000000000000000000000000000000000000000000000000000000000000000000000000000000000000000000000000000000000000000000006000000000000000000000000000000000000000000000000000000000000000a4ff2dd5a100000000000000000000000000000000000000000000000000000000000000200000000000000000000000000000000000000000000000000000000000000001000000000000000000000000e4a8f005bc30ebd2b2ebb69843baef97c597dc000000000000000000000000004f0bb1e5f8d98078636f9c38af61128381762dbd038512e02c4c3f7bdaec27d00edf55b7155e0905301e1a88083e4e0a6764d54c00000000000000000000000000000000000000000000000000000000

## Setting up 1 EVM.

==========================

Chain 11155111

Estimated gas price: 0.00100002 gwei

Estimated total gas used for script: 16679013

Estimated amount required: 0.00001667934658026 ETH

==========================

##### sepolia
✅  [Success] Hash: 0x73b5d8161fcf5763a11896a818861ade1c10ae1397686db5037eae13f210dd09
Block: 9611528
Paid: 0.00001207542475304 ETH (12075304 gas * 0.00100001 gwei)

✅ Sequence #1 on sepolia | Total Paid: 0.00001207542475304 ETH (12075304 gas * avg 0.00100001 gwei)
                                                                                                                                                                              

==========================

ONCHAIN EXECUTION COMPLETE & SUCCESSFUL.

Transactions saved to: /Users/Yuichiro.Kondo/Git/OP/superchain-ops/broadcast/OPCMUpgradeV410.sol/11155111/execute-latest.json

Sensitive values saved to: /Users/Yuichiro.Kondo/Git/OP/superchain-ops/cache/OPCMUpgradeV410.sol/11155111/execute-latest.json